# JRE version: Java(TM) SE Runtime Environment (21.0.6+8) (build 21.0.6+8-LTS-188)
# Java VM: Java HotSpot(TM) 64-Bit Server VM (21.0.6+8-LTS-188, mixed mode, sharing, tiered, compressed oops, compressed class ptrs, g1 gc, windows-amd64)
GC Precious Log:
 CardTable entry size: 512
 Card Set container configuration: InlinePtr #cards 4 size 8 Array Of Cards #cards 16 size 48 Howl #buckets 8 coarsen threshold 3686 Howl Bitmap #cards 512 size 80 coarsen threshold 460 Card regions per heap region 1 cards per card region 4096
 CPUs: 4 total, 4 available
 Memory: 16269M
 Large Page Support: Disabled
 NUMA Support: Disabled
 Compressed Oops: Enabled (Zero based)
 Heap Region Size: 2M
 Heap Min Capacity: 8M
 Heap Initial Capacity: 256M
 Heap Max Capacity: 4068M
 Pre-touch: Disabled
 Parallel Workers: 4
 Concurrent Workers: 1
 Concurrent Refinement Workers: 4
 Periodic GC: Disabled
Heap:
 garbage-first heap   total 83968K, used 63061K [0x0000000701c00000, 0x0000000800000000)
  region size 2048K, 15 young (30720K), 2 survivors (4096K)
 Metaspace       used 78842K, committed 79680K, reserved 1179648K
  class space    used 10394K, committed 10752K, reserved 1048576K
GC Heap History (20 events):
Event: 8.632 GC heap before
{Heap before GC invocations=13 (full 0):
 garbage-first heap   total 61440K, used 51661K [0x0000000701c00000, 0x0000000800000000)
  region size 2048K, 14 young (28672K), 2 survivors (4096K)
 Metaspace       used 58865K, committed 59520K, reserved 1114112K
  class space    used 7408K, committed 7680K, reserved 1048576K
}
Event: 8.636 GC heap after
{Heap after GC invocations=14 (full 0):
 garbage-first heap   total 61440K, used 28999K [0x0000000701c00000, 0x0000000800000000)
  region size 2048K, 1 young (2048K), 1 survivors (2048K)
 Metaspace       used 58865K, committed 59520K, reserved 1114112K
  class space    used 7408K, committed 7680K, reserved 1048576K
}
Event: 8.664 GC heap before
{Heap before GC invocations=14 (full 0):
 garbage-first heap   total 61440K, used 28999K [0x0000000701c00000, 0x0000000800000000)
  region size 2048K, 2 young (4096K), 1 survivors (2048K)
 Metaspace       used 59467K, committed 60096K, reserved 1114112K
  class space    used 7570K, committed 7808K, reserved 1048576K
}
Event: 8.666 GC heap after
{Heap after GC invocations=15 (full 0):
 garbage-first heap   total 61440K, used 28825K [0x0000000701c00000, 0x0000000800000000)
  region size 2048K, 1 young (2048K), 1 survivors (2048K)
 Metaspace       used 59467K, committed 60096K, reserved 1114112K
  class space    used 7570K, committed 7808K, reserved 1048576K
}
Event: 9.376 GC heap before
{Heap before GC invocations=16 (full 0):
 garbage-first heap   total 61440K, used 53401K [0x0000000701c00000, 0x0000000800000000)
  region size 2048K, 13 young (26624K), 1 survivors (2048K)
 Metaspace       used 65827K, committed 66496K, reserved 1114112K
  class space    used 8621K, committed 8896K, reserved 1048576K
}
Event: 9.380 GC heap after
{Heap after GC invocations=17 (full 0):
 garbage-first heap   total 61440K, used 29872K [0x0000000701c00000, 0x0000000800000000)
  region size 2048K, 2 young (4096K), 2 survivors (4096K)
 Metaspace       used 65827K, committed 66496K, reserved 1114112K
  class space    used 8621K, committed 8896K, reserved 1048576K
}
Event: 9.920 GC heap before
{Heap before GC invocations=17 (full 0):
 garbage-first heap   total 61440K, used 50352K [0x0000000701c00000, 0x0000000800000000)
  region size 2048K, 12 young (24576K), 2 survivors (4096K)
 Metaspace       used 68667K, committed 69440K, reserved 1114112K
  class space    used 8921K, committed 9280K, reserved 1048576K
}
Event: 9.925 GC heap after
{Heap after GC invocations=18 (full 0):
 garbage-first heap   total 61440K, used 31188K [0x0000000701c00000, 0x0000000800000000)
  region size 2048K, 2 young (4096K), 2 survivors (4096K)
 Metaspace       used 68667K, committed 69440K, reserved 1114112K
  class space    used 8921K, committed 9280K, reserved 1048576K
}
Event: 10.364 GC heap before
{Heap before GC invocations=18 (full 0):
 garbage-first heap   total 61440K, used 51668K [0x0000000701c00000, 0x0000000800000000)
  region size 2048K, 12 young (24576K), 2 survivors (4096K)
 Metaspace       used 70709K, committed 71424K, reserved 1114112K
  class space    used 9244K, committed 9600K, reserved 1048576K
}
Event: 10.368 GC heap after
{Heap after GC invocations=19 (full 0):
 garbage-first heap   total 61440K, used 31774K [0x0000000701c00000, 0x0000000800000000)
  region size 2048K, 2 young (4096K), 2 survivors (4096K)
 Metaspace       used 70709K, committed 71424K, reserved 1114112K
  class space    used 9244K, committed 9600K, reserved 1048576K
}
Event: 10.915 GC heap before
{Heap before GC invocations=20 (full 0):
 garbage-first heap   total 61440K, used 50206K [0x0000000701c00000, 0x0000000800000000)
  region size 2048K, 11 young (22528K), 2 survivors (4096K)
 Metaspace       used 71594K, committed 72320K, reserved 1114112K
  class space    used 9394K, committed 9728K, reserved 1048576K
}
Event: 10.919 GC heap after
{Heap after GC invocations=21 (full 0):
 garbage-first heap   total 61440K, used 33194K [0x0000000701c00000, 0x0000000800000000)
  region size 2048K, 2 young (4096K), 2 survivors (4096K)
 Metaspace       used 71594K, committed 72320K, reserved 1114112K
  class space    used 9394K, committed 9728K, reserved 1048576K
}
Event: 11.255 GC heap before
{Heap before GC invocations=21 (full 0):
 garbage-first heap   total 61440K, used 49578K [0x0000000701c00000, 0x0000000800000000)
  region size 2048K, 10 young (20480K), 2 survivors (4096K)
 Metaspace       used 72461K, committed 73216K, reserved 1114112K
  class space    used 9508K, committed 9856K, reserved 1048576K
}
Event: 11.263 GC heap after
{Heap after GC invocations=22 (full 0):
 garbage-first heap   total 61440K, used 34343K [0x0000000701c00000, 0x0000000800000000)
  region size 2048K, 2 young (4096K), 2 survivors (4096K)
 Metaspace       used 72461K, committed 73216K, reserved 1114112K
  class space    used 9508K, committed 9856K, reserved 1048576K
}
Event: 11.824 GC heap before
{Heap before GC invocations=22 (full 0):
 garbage-first heap   total 61440K, used 50727K [0x0000000701c00000, 0x0000000800000000)
  region size 2048K, 10 young (20480K), 2 survivors (4096K)
 Metaspace       used 73607K, committed 74368K, reserved 1114112K
  class space    used 9663K, committed 10048K, reserved 1048576K
}
Event: 11.829 GC heap after
{Heap after GC invocations=23 (full 0):
 garbage-first heap   total 61440K, used 35897K [0x0000000701c00000, 0x0000000800000000)
  region size 2048K, 2 young (4096K), 2 survivors (4096K)
 Metaspace       used 73607K, committed 74368K, reserved 1114112K
  class space    used 9663K, committed 10048K, reserved 1048576K
}
Event: 12.243 GC heap before
{Heap before GC invocations=24 (full 0):
 garbage-first heap   total 69632K, used 48185K [0x0000000701c00000, 0x0000000800000000)
  region size 2048K, 8 young (16384K), 2 survivors (4096K)
 Metaspace       used 74196K, committed 75008K, reserved 1114112K
  class space    used 9758K, committed 10112K, reserved 1048576K
}
Event: 12.249 GC heap after
{Heap after GC invocations=25 (full 0):
 garbage-first heap   total 69632K, used 37001K [0x0000000701c00000, 0x0000000800000000)
  region size 2048K, 1 young (2048K), 1 survivors (2048K)
 Metaspace       used 74196K, committed 75008K, reserved 1114112K
  class space    used 9758K, committed 10112K, reserved 1048576K
}
Event: 12.901 GC heap before
{Heap before GC invocations=25 (full 0):
 garbage-first heap   total 69632K, used 59529K [0x0000000701c00000, 0x0000000800000000)
  region size 2048K, 12 young (24576K), 1 survivors (2048K)
 Metaspace       used 75157K, committed 75968K, reserved 1179648K
  class space    used 9894K, committed 10240K, reserved 1048576K
}
Event: 12.906 GC heap after
{Heap after GC invocations=26 (full 0):
 garbage-first heap   total 83968K, used 38485K [0x0000000701c00000, 0x0000000800000000)
  region size 2048K, 2 young (4096K), 2 survivors (4096K)
 Metaspace       used 75157K, committed 75968K, reserved 1179648K
  class space    used 9894K, committed 10240K, reserved 1048576K
}

